Determining if the pthread_create exist failed with the following output:
Change Dir: /home/jagunlee/Downloads/toinsson/pyrealsense/glfw-3.1.1/CMakeFiles/CMakeTmp

Run Build Command:"/usr/bin/make" "cmTC_adc88/fast"
/usr/bin/make -f CMakeFiles/cmTC_adc88.dir/build.make CMakeFiles/cmTC_adc88.dir/build
make[1]: Entering directory '/home/jagunlee/Downloads/toinsson/pyrealsense/glfw-3.1.1/CMakeFiles/CMakeTmp'
Building C object CMakeFiles/cmTC_adc88.dir/CheckSymbolExists.c.o
/usr/bin/cc     -o CMakeFiles/cmTC_adc88.dir/CheckSymbolExists.c.o   -c /home/jagunlee/Downloads/toinsson/pyrealsense/glfw-3.1.1/CMakeFiles/CMakeTmp/CheckSymbolExists.c
Linking C executable cmTC_adc88
/usr/bin/cmake -E cmake_link_script CMakeFiles/cmTC_adc88.dir/link.txt --verbose=1
/usr/bin/cc       CMakeFiles/cmTC_adc88.dir/CheckSymbolExists.c.o  -o cmTC_adc88 -rdynamic 
CMakeFiles/cmTC_adc88.dir/CheckSymbolExists.c.o: In function `main':
CheckSymbolExists.c:(.text+0x16): undefined reference to `pthread_create'
collect2: error: ld returned 1 exit status
CMakeFiles/cmTC_adc88.dir/build.make:97: recipe for target 'cmTC_adc88' failed
make[1]: *** [cmTC_adc88] Error 1
make[1]: Leaving directory '/home/jagunlee/Downloads/toinsson/pyrealsense/glfw-3.1.1/CMakeFiles/CMakeTmp'
Makefile:126: recipe for target 'cmTC_adc88/fast' failed
make: *** [cmTC_adc88/fast] Error 2

File /home/jagunlee/Downloads/toinsson/pyrealsense/glfw-3.1.1/CMakeFiles/CMakeTmp/CheckSymbolExists.c:
/* */
#include <pthread.h>

int main(int argc, char** argv)
{
  (void)argv;
#ifndef pthread_create
  return ((int*)(&pthread_create))[argc];
#else
  (void)argc;
  return 0;
#endif
}

Determining if the function pthread_create exists in the pthreads failed with the following output:
Change Dir: /home/jagunlee/Downloads/toinsson/pyrealsense/glfw-3.1.1/CMakeFiles/CMakeTmp

Run Build Command:"/usr/bin/make" "cmTC_be03d/fast"
/usr/bin/make -f CMakeFiles/cmTC_be03d.dir/build.make CMakeFiles/cmTC_be03d.dir/build
make[1]: Entering directory '/home/jagunlee/Downloads/toinsson/pyrealsense/glfw-3.1.1/CMakeFiles/CMakeTmp'
Building C object CMakeFiles/cmTC_be03d.dir/CheckFunctionExists.c.o
/usr/bin/cc    -DCHECK_FUNCTION_EXISTS=pthread_create   -o CMakeFiles/cmTC_be03d.dir/CheckFunctionExists.c.o   -c /usr/share/cmake-3.5/Modules/CheckFunctionExists.c
Linking C executable cmTC_be03d
/usr/bin/cmake -E cmake_link_script CMakeFiles/cmTC_be03d.dir/link.txt --verbose=1
/usr/bin/cc   -DCHECK_FUNCTION_EXISTS=pthread_create    CMakeFiles/cmTC_be03d.dir/CheckFunctionExists.c.o  -o cmTC_be03d -rdynamic -lpthreads 
/usr/bin/ld: cannot find -lpthreads
collect2: error: ld returned 1 exit status
CMakeFiles/cmTC_be03d.dir/build.make:97: recipe for target 'cmTC_be03d' failed
make[1]: *** [cmTC_be03d] Error 1
make[1]: Leaving directory '/home/jagunlee/Downloads/toinsson/pyrealsense/glfw-3.1.1/CMakeFiles/CMakeTmp'
Makefile:126: recipe for target 'cmTC_be03d/fast' failed
make: *** [cmTC_be03d/fast] Error 2


Determining if the function glXGetProcAddressEXT exists failed with the following output:
Change Dir: /home/jagunlee/Downloads/toinsson/pyrealsense/glfw-3.1.1/CMakeFiles/CMakeTmp

Run Build Command:"/usr/bin/make" "cmTC_9e50b/fast"
/usr/bin/make -f CMakeFiles/cmTC_9e50b.dir/build.make CMakeFiles/cmTC_9e50b.dir/build
make[1]: Entering directory '/home/jagunlee/Downloads/toinsson/pyrealsense/glfw-3.1.1/CMakeFiles/CMakeTmp'
Building C object CMakeFiles/cmTC_9e50b.dir/CheckFunctionExists.c.o
/usr/bin/cc    -DCHECK_FUNCTION_EXISTS=glXGetProcAddressEXT   -o CMakeFiles/cmTC_9e50b.dir/CheckFunctionExists.c.o   -c /usr/share/cmake-3.5/Modules/CheckFunctionExists.c
Linking C executable cmTC_9e50b
/usr/bin/cmake -E cmake_link_script CMakeFiles/cmTC_9e50b.dir/link.txt --verbose=1
/usr/bin/cc   -DCHECK_FUNCTION_EXISTS=glXGetProcAddressEXT    CMakeFiles/cmTC_9e50b.dir/CheckFunctionExists.c.o  -o cmTC_9e50b -rdynamic /usr/lib/x86_64-linux-gnu/libGL.so 
CMakeFiles/cmTC_9e50b.dir/CheckFunctionExists.c.o: In function `main':
CheckFunctionExists.c:(.text+0x15): undefined reference to `glXGetProcAddressEXT'
collect2: error: ld returned 1 exit status
CMakeFiles/cmTC_9e50b.dir/build.make:98: recipe for target 'cmTC_9e50b' failed
make[1]: *** [cmTC_9e50b] Error 1
make[1]: Leaving directory '/home/jagunlee/Downloads/toinsson/pyrealsense/glfw-3.1.1/CMakeFiles/CMakeTmp'
Makefile:126: recipe for target 'cmTC_9e50b/fast' failed
make: *** [cmTC_9e50b/fast] Error 2


